<?xml version="1.0" encoding="UTF-8"?>
<testsuite name="com.firstprojct.ApplicationTests" tests="1" skipped="0" failures="0" errors="0" timestamp="2026-05-11T11:32:28" hostname="XWM0DYTC7T" time="0.333">
  <properties/>
  <testcase name="contextLoads()" classname="com.firstprojct.ApplicationTests" time="0.333"/>
  <system-out><![CDATA[19:32:25.345 [Test worker] INFO org.springframework.test.context.support.AnnotationConfigContextLoaderUtils -- Could not detect default configuration classes for test class [com.firstprojct.ApplicationTests]: ApplicationTests does not declare any static, non-private, non-final, nested classes annotated with @Configuration.
19:32:25.397 [Test worker] INFO org.springframework.boot.test.context.SpringBootTestContextBootstrapper -- Found @SpringBootConfiguration com.firstprojct.Application for test class com.firstprojct.ApplicationTests

  .   ____          _            __ _ _
 /\\ / ___'_ __ _ _(_)_ __  __ _ \ \ \ \
( ( )\___ | '_ | '_| | '_ \/ _` | \ \ \ \
 \\/  ___)| |_)| | | | | || (_| |  ) ) ) )
  '  |____| .__|_| |_|_| |_\__, | / / / /
 =========|_|==============|___/=/_/_/_/

 :: Spring Boot ::                (v3.4.5)

2026-05-11T19:32:25.611+08:00  INFO 61038 --- [first-projct] [    Test worker] com.firstprojct.ApplicationTests         : Starting ApplicationTests using Java 17.0.14 with PID 61038 (started by xx in /Users/xx/Downloads/code/tmx/first/backend)
2026-05-11T19:32:25.612+08:00  INFO 61038 --- [first-projct] [    Test worker] com.firstprojct.ApplicationTests         : No active profile set, falling back to 1 default profile: "default"
2026-05-11T19:32:25.913+08:00  INFO 61038 --- [first-projct] [    Test worker] .s.d.r.c.RepositoryConfigurationDelegate : Bootstrapping Spring Data JPA repositories in DEFAULT mode.
2026-05-11T19:32:25.943+08:00  INFO 61038 --- [first-projct] [    Test worker] .s.d.r.c.RepositoryConfigurationDelegate : Finished Spring Data repository scanning in 25 ms. Found 3 JPA repository interfaces.
2026-05-11T19:32:26.164+08:00  INFO 61038 --- [first-projct] [    Test worker] com.zaxxer.hikari.HikariDataSource       : HikariPool-1 - Starting...
2026-05-11T19:32:26.247+08:00  INFO 61038 --- [first-projct] [    Test worker] com.zaxxer.hikari.pool.HikariPool        : HikariPool-1 - Added connection conn0: url=jdbc:h2:mem:devdb user=SA
2026-05-11T19:32:26.249+08:00  INFO 61038 --- [first-projct] [    Test worker] com.zaxxer.hikari.HikariDataSource       : HikariPool-1 - Start completed.
2026-05-11T19:32:26.270+08:00  INFO 61038 --- [first-projct] [    Test worker] org.flywaydb.core.FlywayExecutor         : Database: jdbc:h2:mem:devdb (H2 2.3)
2026-05-11T19:32:26.274+08:00  WARN 61038 --- [first-projct] [    Test worker] o.f.c.internal.database.base.Database    : Flyway upgrade recommended: H2 2.3.232 is newer than this version of Flyway and support has not been tested. The latest supported version of H2 is 2.2.224.
2026-05-11T19:32:26.286+08:00  INFO 61038 --- [first-projct] [    Test worker] o.f.c.i.s.JdbcTableSchemaHistory         : Schema history table "PUBLIC"."flyway_schema_history" does not exist yet
2026-05-11T19:32:26.287+08:00  INFO 61038 --- [first-projct] [    Test worker] o.f.core.internal.command.DbValidate     : Successfully validated 2 migrations (execution time 00:00.008s)
2026-05-11T19:32:26.291+08:00  INFO 61038 --- [first-projct] [    Test worker] o.f.c.i.s.JdbcTableSchemaHistory         : Creating Schema History table "PUBLIC"."flyway_schema_history" ...
2026-05-11T19:32:26.309+08:00  INFO 61038 --- [first-projct] [    Test worker] o.f.core.internal.command.DbMigrate      : Current version of schema "PUBLIC": << Empty Schema >>
2026-05-11T19:32:26.314+08:00  INFO 61038 --- [first-projct] [    Test worker] o.f.core.internal.command.DbMigrate      : Migrating schema "PUBLIC" to version "1 - create schema"
2026-05-11T19:32:26.338+08:00  INFO 61038 --- [first-projct] [    Test worker] o.f.core.internal.command.DbMigrate      : Migrating schema "PUBLIC" to version "2 - seed data"
2026-05-11T19:32:26.365+08:00  INFO 61038 --- [first-projct] [    Test worker] o.f.core.internal.command.DbMigrate      : Successfully applied 2 migrations to schema "PUBLIC", now at version v2 (execution time 00:00.025s)
2026-05-11T19:32:26.409+08:00  INFO 61038 --- [first-projct] [    Test worker] o.hibernate.jpa.internal.util.LogHelper  : HHH000204: Processing PersistenceUnitInfo [name: default]
2026-05-11T19:32:26.435+08:00  INFO 61038 --- [first-projct] [    Test worker] org.hibernate.Version                    : HHH000412: Hibernate ORM core version 6.6.13.Final
2026-05-11T19:32:26.449+08:00  INFO 61038 --- [first-projct] [    Test worker] o.h.c.internal.RegionFactoryInitiator    : HHH000026: Second-level cache disabled
2026-05-11T19:32:26.566+08:00  INFO 61038 --- [first-projct] [    Test worker] o.s.o.j.p.SpringPersistenceUnitInfo      : No LoadTimeWeaver setup: ignoring JPA class transformer
2026-05-11T19:32:26.600+08:00  INFO 61038 --- [first-projct] [    Test worker] org.hibernate.orm.connections.pooling    : HHH10001005: Database info:
	Database JDBC URL [Connecting through datasource 'HikariDataSource (HikariPool-1)']
	Database driver: undefined/unknown
	Database version: 2.3.232
	Autocommit mode: undefined/unknown
	Isolation level: undefined/unknown
	Minimum pool size: undefined/unknown
	Maximum pool size: undefined/unknown
2026-05-11T19:32:26.986+08:00  INFO 61038 --- [first-projct] [    Test worker] o.h.e.t.j.p.i.JtaPlatformInitiator       : HHH000489: No JTA platform available (set 'hibernate.transaction.jta.platform' to enable JTA platform integration)
2026-05-11T19:32:26.995+08:00  INFO 61038 --- [first-projct] [    Test worker] j.LocalContainerEntityManagerFactoryBean : Initialized JPA EntityManagerFactory for persistence unit 'default'
2026-05-11T19:32:27.099+08:00  INFO 61038 --- [first-projct] [    Test worker] o.s.d.j.r.query.QueryEnhancerFactory     : Hibernate is in classpath; If applicable, HQL parser will be used.
2026-05-11T19:32:28.258+08:00  INFO 61038 --- [first-projct] [    Test worker] com.firstprojct.ApplicationTests         : Started ApplicationTests in 2.783 seconds (process running for 3.323)
]]></system-out>
  <system-err><![CDATA[]]></system-err>
</testsuite>
