<?xml version="1.0" encoding="UTF-8"?>
<testsuite name="com.firstprojct.controller.HospitalControllerTest" tests="5" skipped="0" failures="0" errors="0" timestamp="2026-05-11T11:32:28" hostname="XWM0DYTC7T" time="0.166">
  <properties/>
  <testcase name="searchHospitals_searchByQuery()" classname="com.firstprojct.controller.HospitalControllerTest" time="0.122"/>
  <testcase name="getHospital_returnsDetail()" classname="com.firstprojct.controller.HospitalControllerTest" time="0.026"/>
  <testcase name="searchHospitals_filterByCity()" classname="com.firstprojct.controller.HospitalControllerTest" time="0.005"/>
  <testcase name="getHospital_notFound()" classname="com.firstprojct.controller.HospitalControllerTest" time="0.004"/>
  <testcase name="searchHospitals_returnsPagedResults()" classname="com.firstprojct.controller.HospitalControllerTest" time="0.007"/>
  <system-out><![CDATA[2026-05-11T19:32:28.601+08:00  INFO 61038 --- [first-projct] [    Test worker] t.c.s.AnnotationConfigContextLoaderUtils : Could not detect default configuration classes for test class [com.firstprojct.controller.HospitalControllerTest]: HospitalControllerTest does not declare any static, non-private, non-final, nested classes annotated with @Configuration.
2026-05-11T19:32:28.609+08:00  INFO 61038 --- [first-projct] [    Test worker] .b.t.c.SpringBootTestContextBootstrapper : Found @SpringBootConfiguration com.firstprojct.Application for test class com.firstprojct.controller.HospitalControllerTest

  .   ____          _            __ _ _
 /\\ / ___'_ __ _ _(_)_ __  __ _ \ \ \ \
( ( )\___ | '_ | '_| | '_ \/ _` | \ \ \ \
 \\/  ___)| |_)| | | | | || (_| |  ) ) ) )
  '  |____| .__|_| |_|_| |_\__, | / / / /
 =========|_|==============|___/=/_/_/_/

 :: Spring Boot ::                (v3.4.5)

2026-05-11T19:32:28.623+08:00  INFO 61038 --- [first-projct] [    Test worker] c.f.controller.HospitalControllerTest    : Starting HospitalControllerTest using Java 17.0.14 with PID 61038 (started by xx in /Users/xx/Downloads/code/tmx/first/backend)
2026-05-11T19:32:28.623+08:00  INFO 61038 --- [first-projct] [    Test worker] c.f.controller.HospitalControllerTest    : No active profile set, falling back to 1 default profile: "default"
2026-05-11T19:32:28.686+08:00  INFO 61038 --- [first-projct] [    Test worker] .s.d.r.c.RepositoryConfigurationDelegate : Bootstrapping Spring Data JPA repositories in DEFAULT mode.
2026-05-11T19:32:28.693+08:00  INFO 61038 --- [first-projct] [    Test worker] .s.d.r.c.RepositoryConfigurationDelegate : Finished Spring Data repository scanning in 6 ms. Found 3 JPA repository interfaces.
2026-05-11T19:32:28.739+08:00  INFO 61038 --- [first-projct] [    Test worker] com.zaxxer.hikari.HikariDataSource       : HikariPool-2 - Starting...
2026-05-11T19:32:28.740+08:00  INFO 61038 --- [first-projct] [    Test worker] com.zaxxer.hikari.pool.HikariPool        : HikariPool-2 - Added connection conn10: url=jdbc:h2:mem:devdb user=SA
2026-05-11T19:32:28.740+08:00  INFO 61038 --- [first-projct] [    Test worker] com.zaxxer.hikari.HikariDataSource       : HikariPool-2 - Start completed.
2026-05-11T19:32:28.741+08:00  INFO 61038 --- [first-projct] [    Test worker] org.flywaydb.core.FlywayExecutor         : Database: jdbc:h2:mem:devdb (H2 2.3)
2026-05-11T19:32:28.742+08:00  WARN 61038 --- [first-projct] [    Test worker] o.f.c.internal.database.base.Database    : Flyway upgrade recommended: H2 2.3.232 is newer than this version of Flyway and support has not been tested. The latest supported version of H2 is 2.2.224.
2026-05-11T19:32:28.745+08:00  INFO 61038 --- [first-projct] [    Test worker] o.f.core.internal.command.DbValidate     : Successfully validated 2 migrations (execution time 00:00.002s)
2026-05-11T19:32:28.746+08:00  INFO 61038 --- [first-projct] [    Test worker] o.f.core.internal.command.DbMigrate      : Current version of schema "PUBLIC": 2
2026-05-11T19:32:28.747+08:00  INFO 61038 --- [first-projct] [    Test worker] o.f.core.internal.command.DbMigrate      : Schema "PUBLIC" is up to date. No migration necessary.
2026-05-11T19:32:28.755+08:00  INFO 61038 --- [first-projct] [    Test worker] o.hibernate.jpa.internal.util.LogHelper  : HHH000204: Processing PersistenceUnitInfo [name: default]
2026-05-11T19:32:28.756+08:00  INFO 61038 --- [first-projct] [    Test worker] o.h.c.internal.RegionFactoryInitiator    : HHH000026: Second-level cache disabled
2026-05-11T19:32:28.760+08:00  INFO 61038 --- [first-projct] [    Test worker] o.s.o.j.p.SpringPersistenceUnitInfo      : No LoadTimeWeaver setup: ignoring JPA class transformer
2026-05-11T19:32:28.760+08:00  INFO 61038 --- [first-projct] [    Test worker] org.hibernate.orm.connections.pooling    : HHH10001005: Database info:
	Database JDBC URL [Connecting through datasource 'HikariDataSource (HikariPool-2)']
	Database driver: undefined/unknown
	Database version: 2.3.232
	Autocommit mode: undefined/unknown
	Isolation level: undefined/unknown
	Minimum pool size: undefined/unknown
	Maximum pool size: undefined/unknown
2026-05-11T19:32:28.782+08:00  INFO 61038 --- [first-projct] [    Test worker] o.h.e.t.j.p.i.JtaPlatformInitiator       : HHH000489: No JTA platform available (set 'hibernate.transaction.jta.platform' to enable JTA platform integration)
2026-05-11T19:32:28.783+08:00  INFO 61038 --- [first-projct] [    Test worker] j.LocalContainerEntityManagerFactoryBean : Initialized JPA EntityManagerFactory for persistence unit 'default'
2026-05-11T19:32:28.876+08:00  INFO 61038 --- [first-projct] [    Test worker] o.s.b.t.m.w.SpringBootMockServletContext : Initializing Spring TestDispatcherServlet ''
2026-05-11T19:32:28.876+08:00  INFO 61038 --- [first-projct] [    Test worker] o.s.t.web.servlet.TestDispatcherServlet  : Initializing Servlet ''
2026-05-11T19:32:28.877+08:00  INFO 61038 --- [first-projct] [    Test worker] o.s.t.web.servlet.TestDispatcherServlet  : Completed initialization in 0 ms
2026-05-11T19:32:28.884+08:00  INFO 61038 --- [first-projct] [    Test worker] c.f.controller.HospitalControllerTest    : Started HospitalControllerTest in 0.273 seconds (process running for 3.948)
2026-05-11T19:32:28.976+08:00  WARN 61038 --- [first-projct] [    Test worker] ration$PageModule$WarningLoggingModifier : Serializing PageImpl instances as-is is not supported, meaning that there is no guarantee about the stability of the resulting JSON structure!
	For a stable JSON structure, please use Spring Data's PagedModel (globally via @EnableSpringDataWebSupport(pageSerializationMode = VIA_DTO))
	or Spring HATEOAS and Spring Data's PagedResourcesAssembler as documented in https://docs.spring.io/spring-data/commons/reference/repositories/core-extensions.html#core.web.pageables.

]]></system-out>
  <system-err><![CDATA[]]></system-err>
</testsuite>
